Analysis & Synthesis report for DE1_SoC
Thu Jul 27 00:48:29 2023
Quartus Prime Version 17.0.0 Build 595 04/25/2017 SJ Lite Edition


---------------------
; Table of Contents ;
---------------------
  1. Legal Notice
  2. Analysis & Synthesis Summary
  3. Analysis & Synthesis Settings
  4. Parallel Compilation
  5. Analysis & Synthesis Source Files Read
  6. Analysis & Synthesis Resource Usage Summary
  7. Analysis & Synthesis Resource Utilization by Entity
  8. State Machine - |DE1_SoC|button:player1|PS
  9. State Machine - |DE1_SoC|button:player2|PS
 10. General Register Statistics
 11. Parameter Settings for User Entity Instance: button:player2
 12. Parameter Settings for User Entity Instance: button:player1
 13. Parameter Settings for User Entity Instance: right_edge_light:rightL
 14. Parameter Settings for User Entity Instance: normal_light:norm1
 15. Parameter Settings for User Entity Instance: normal_light:norm2
 16. Parameter Settings for User Entity Instance: normal_light:norm3
 17. Parameter Settings for User Entity Instance: center_light:centL
 18. Parameter Settings for User Entity Instance: normal_light:norm4
 19. Parameter Settings for User Entity Instance: normal_light:norm5
 20. Parameter Settings for User Entity Instance: normal_light:norm6
 21. Parameter Settings for User Entity Instance: left_edge_light:leftL
 22. Post-Synthesis Netlist Statistics for Top Partition
 23. Elapsed Time Per Partition
 24. Analysis & Synthesis Messages
 25. Analysis & Synthesis Suppressed Messages



----------------
; Legal Notice ;
----------------
Copyright (C) 2017  Intel Corporation. All rights reserved.
Your use of Intel Corporation's design tools, logic functions 
and other software and tools, and its AMPP partner logic 
functions, and any output files from any of the foregoing 
(including device programming or simulation files), and any 
associated documentation or information are expressly subject 
to the terms and conditions of the Intel Program License 
Subscription Agreement, the Intel Quartus Prime License Agreement,
the Intel MegaCore Function License Agreement, or other 
applicable license agreement, including, without limitation, 
that your use is for the sole purpose of programming logic 
devices manufactured by Intel and sold by Intel or its 
authorized distributors.  Please refer to the applicable 
agreement for further details.



+-------------------------------------------------------------------------------+
; Analysis & Synthesis Summary                                                  ;
+---------------------------------+---------------------------------------------+
; Analysis & Synthesis Status     ; Successful - Thu Jul 27 00:48:29 2023       ;
; Quartus Prime Version           ; 17.0.0 Build 595 04/25/2017 SJ Lite Edition ;
; Revision Name                   ; DE1_SoC                                     ;
; Top-level Entity Name           ; DE1_SoC                                     ;
; Family                          ; Cyclone V                                   ;
; Logic utilization (in ALMs)     ; N/A                                         ;
; Total registers                 ; 15                                          ;
; Total pins                      ; 32                                          ;
; Total virtual pins              ; 0                                           ;
; Total block memory bits         ; 0                                           ;
; Total DSP Blocks                ; 0                                           ;
; Total HSSI RX PCSs              ; 0                                           ;
; Total HSSI PMA RX Deserializers ; 0                                           ;
; Total HSSI TX PCSs              ; 0                                           ;
; Total HSSI PMA TX Serializers   ; 0                                           ;
; Total PLLs                      ; 0                                           ;
; Total DLLs                      ; 0                                           ;
+---------------------------------+---------------------------------------------+


+---------------------------------------------------------------------------------------------------------------------------+
; Analysis & Synthesis Settings                                                                                             ;
+---------------------------------------------------------------------------------+--------------------+--------------------+
; Option                                                                          ; Setting            ; Default Value      ;
+---------------------------------------------------------------------------------+--------------------+--------------------+
; Device                                                                          ; 5CSEMA5F31C6       ;                    ;
; Top-level entity name                                                           ; DE1_SoC            ; DE1_SoC            ;
; Family name                                                                     ; Cyclone V          ; Cyclone V          ;
; State Machine Processing                                                        ; User-Encoded       ; Auto               ;
; Use smart compilation                                                           ; Off                ; Off                ;
; Enable parallel Assembler and TimeQuest Timing Analyzer during compilation      ; On                 ; On                 ;
; Enable compact report table                                                     ; Off                ; Off                ;
; Restructure Multiplexers                                                        ; Auto               ; Auto               ;
; MLAB Add Timing Constraints For Mixed-Port Feed-Through Mode Setting Don't Care ; Off                ; Off                ;
; Create Debugging Nodes for IP Cores                                             ; Off                ; Off                ;
; Preserve fewer node names                                                       ; On                 ; On                 ;
; OpenCore Plus hardware evaluation                                               ; Enable             ; Enable             ;
; Verilog Version                                                                 ; Verilog_2001       ; Verilog_2001       ;
; VHDL Version                                                                    ; VHDL_1993          ; VHDL_1993          ;
; Safe State Machine                                                              ; Off                ; Off                ;
; Extract Verilog State Machines                                                  ; On                 ; On                 ;
; Extract VHDL State Machines                                                     ; On                 ; On                 ;
; Ignore Verilog initial constructs                                               ; Off                ; Off                ;
; Iteration limit for constant Verilog loops                                      ; 5000               ; 5000               ;
; Iteration limit for non-constant Verilog loops                                  ; 250                ; 250                ;
; Add Pass-Through Logic to Inferred RAMs                                         ; On                 ; On                 ;
; Infer RAMs from Raw Logic                                                       ; On                 ; On                 ;
; Parallel Synthesis                                                              ; On                 ; On                 ;
; DSP Block Balancing                                                             ; Auto               ; Auto               ;
; NOT Gate Push-Back                                                              ; On                 ; On                 ;
; Power-Up Don't Care                                                             ; On                 ; On                 ;
; Remove Redundant Logic Cells                                                    ; Off                ; Off                ;
; Remove Duplicate Registers                                                      ; On                 ; On                 ;
; Ignore CARRY Buffers                                                            ; Off                ; Off                ;
; Ignore CASCADE Buffers                                                          ; Off                ; Off                ;
; Ignore GLOBAL Buffers                                                           ; Off                ; Off                ;
; Ignore ROW GLOBAL Buffers                                                       ; Off                ; Off                ;
; Ignore LCELL Buffers                                                            ; Off                ; Off                ;
; Ignore SOFT Buffers                                                             ; On                 ; On                 ;
; Limit AHDL Integers to 32 Bits                                                  ; Off                ; Off                ;
; Optimization Technique                                                          ; Balanced           ; Balanced           ;
; Carry Chain Length                                                              ; 70                 ; 70                 ;
; Auto Carry Chains                                                               ; On                 ; On                 ;
; Auto Open-Drain Pins                                                            ; On                 ; On                 ;
; Perform WYSIWYG Primitive Resynthesis                                           ; Off                ; Off                ;
; Auto ROM Replacement                                                            ; On                 ; On                 ;
; Auto RAM Replacement                                                            ; On                 ; On                 ;
; Auto DSP Block Replacement                                                      ; On                 ; On                 ;
; Auto Shift Register Replacement                                                 ; Auto               ; Auto               ;
; Allow Shift Register Merging across Hierarchies                                 ; Auto               ; Auto               ;
; Auto Clock Enable Replacement                                                   ; On                 ; On                 ;
; Strict RAM Replacement                                                          ; Off                ; Off                ;
; Allow Synchronous Control Signals                                               ; On                 ; On                 ;
; Force Use of Synchronous Clear Signals                                          ; Off                ; Off                ;
; Auto Resource Sharing                                                           ; Off                ; Off                ;
; Allow Any RAM Size For Recognition                                              ; Off                ; Off                ;
; Allow Any ROM Size For Recognition                                              ; Off                ; Off                ;
; Allow Any Shift Register Size For Recognition                                   ; Off                ; Off                ;
; Use LogicLock Constraints during Resource Balancing                             ; On                 ; On                 ;
; Ignore translate_off and synthesis_off directives                               ; Off                ; Off                ;
; Timing-Driven Synthesis                                                         ; On                 ; On                 ;
; Report Parameter Settings                                                       ; On                 ; On                 ;
; Report Source Assignments                                                       ; On                 ; On                 ;
; Report Connectivity Checks                                                      ; On                 ; On                 ;
; Ignore Maximum Fan-Out Assignments                                              ; Off                ; Off                ;
; Synchronization Register Chain Length                                           ; 3                  ; 3                  ;
; PowerPlay Power Optimization During Synthesis                                   ; Normal compilation ; Normal compilation ;
; HDL message level                                                               ; Level2             ; Level2             ;
; Suppress Register Optimization Related Messages                                 ; Off                ; Off                ;
; Number of Removed Registers Reported in Synthesis Report                        ; 5000               ; 5000               ;
; Number of Swept Nodes Reported in Synthesis Report                              ; 5000               ; 5000               ;
; Number of Inverted Registers Reported in Synthesis Report                       ; 100                ; 100                ;
; Clock MUX Protection                                                            ; On                 ; On                 ;
; Auto Gated Clock Conversion                                                     ; Off                ; Off                ;
; Block Design Naming                                                             ; Auto               ; Auto               ;
; SDC constraint protection                                                       ; Off                ; Off                ;
; Synthesis Effort                                                                ; Auto               ; Auto               ;
; Shift Register Replacement - Allow Asynchronous Clear Signal                    ; On                 ; On                 ;
; Pre-Mapping Resynthesis Optimization                                            ; Off                ; Off                ;
; Analysis & Synthesis Message Level                                              ; Medium             ; Medium             ;
; Disable Register Merging Across Hierarchies                                     ; Auto               ; Auto               ;
; Resource Aware Inference For Block RAM                                          ; On                 ; On                 ;
; Automatic Parallel Synthesis                                                    ; On                 ; On                 ;
; Partial Reconfiguration Bitstream ID                                            ; Off                ; Off                ;
+---------------------------------------------------------------------------------+--------------------+--------------------+


+------------------------------------------+
; Parallel Compilation                     ;
+----------------------------+-------------+
; Processors                 ; Number      ;
+----------------------------+-------------+
; Number detected on machine ; 20          ;
; Maximum allowed            ; 12          ;
;                            ;             ;
; Average used               ; 1.00        ;
; Maximum used               ; 12          ;
;                            ;             ;
; Usage by Processor         ; % Time Used ;
;     Processor 1            ; 100.0%      ;
;     Processors 2-12        ;   0.0%      ;
+----------------------------+-------------+


+---------------------------------------------------------------------------------------------------------------------------------+
; Analysis & Synthesis Source Files Read                                                                                          ;
+----------------------------------+-----------------+------------------------------+-----------------------------------+---------+
; File Name with User-Entered Path ; Used in Netlist ; File Type                    ; File Name with Absolute Path      ; Library ;
+----------------------------------+-----------------+------------------------------+-----------------------------------+---------+
; DE1_SoC.sv                       ; yes             ; User SystemVerilog HDL File  ; C:/EE271/Lab4/DE1_SoC.sv          ;         ;
; center_light.sv                  ; yes             ; User SystemVerilog HDL File  ; C:/EE271/Lab4/center_light.sv     ;         ;
; normal_light.sv                  ; yes             ; User SystemVerilog HDL File  ; C:/EE271/Lab4/normal_light.sv     ;         ;
; right_edge_light.sv              ; yes             ; User SystemVerilog HDL File  ; C:/EE271/Lab4/right_edge_light.sv ;         ;
; left_edge_light.sv               ; yes             ; User SystemVerilog HDL File  ; C:/EE271/Lab4/left_edge_light.sv  ;         ;
; button.sv                        ; yes             ; User SystemVerilog HDL File  ; C:/EE271/Lab4/button.sv           ;         ;
+----------------------------------+-----------------+------------------------------+-----------------------------------+---------+


+--------------------------------------------------------------+
; Analysis & Synthesis Resource Usage Summary                  ;
+---------------------------------------------+----------------+
; Resource                                    ; Usage          ;
+---------------------------------------------+----------------+
; Estimate of Logic utilization (ALMs needed) ; 11             ;
;                                             ;                ;
; Combinational ALUT usage for logic          ; 20             ;
;     -- 7 input functions                    ; 0              ;
;     -- 6 input functions                    ; 2              ;
;     -- 5 input functions                    ; 7              ;
;     -- 4 input functions                    ; 4              ;
;     -- <=3 input functions                  ; 7              ;
;                                             ;                ;
; Dedicated logic registers                   ; 15             ;
;                                             ;                ;
; I/O pins                                    ; 32             ;
;                                             ;                ;
; Total DSP Blocks                            ; 0              ;
;                                             ;                ;
; Maximum fan-out node                        ; CLOCK_50~input ;
; Maximum fan-out                             ; 15             ;
; Total fan-out                               ; 165            ;
; Average fan-out                             ; 1.67           ;
+---------------------------------------------+----------------+


+------------------------------------------------------------------------------------------------------------------------------------------------------------------------------------------------------------+
; Analysis & Synthesis Resource Utilization by Entity                                                                                                                                                        ;
+------------------------------+---------------------+---------------------------+-------------------+------------+------+--------------+----------------------------------+------------------+--------------+
; Compilation Hierarchy Node   ; Combinational ALUTs ; Dedicated Logic Registers ; Block Memory Bits ; DSP Blocks ; Pins ; Virtual Pins ; Full Hierarchy Name              ; Entity Name      ; Library Name ;
+------------------------------+---------------------+---------------------------+-------------------+------------+------+--------------+----------------------------------+------------------+--------------+
; |DE1_SoC                     ; 20 (3)              ; 15 (0)                    ; 0                 ; 0          ; 32   ; 0            ; |DE1_SoC                         ; DE1_SoC          ; work         ;
;    |button:player1|          ; 3 (3)               ; 2 (2)                     ; 0                 ; 0          ; 0    ; 0            ; |DE1_SoC|button:player1          ; button           ; work         ;
;    |button:player2|          ; 3 (3)               ; 2 (2)                     ; 0                 ; 0          ; 0    ; 0            ; |DE1_SoC|button:player2          ; button           ; work         ;
;    |center_light:centL|      ; 1 (1)               ; 1 (1)                     ; 0                 ; 0          ; 0    ; 0            ; |DE1_SoC|center_light:centL      ; center_light     ; work         ;
;    |left_edge_light:leftL|   ; 2 (2)               ; 2 (2)                     ; 0                 ; 0          ; 0    ; 0            ; |DE1_SoC|left_edge_light:leftL   ; left_edge_light  ; work         ;
;    |normal_light:norm1|      ; 1 (1)               ; 1 (1)                     ; 0                 ; 0          ; 0    ; 0            ; |DE1_SoC|normal_light:norm1      ; normal_light     ; work         ;
;    |normal_light:norm2|      ; 1 (1)               ; 1 (1)                     ; 0                 ; 0          ; 0    ; 0            ; |DE1_SoC|normal_light:norm2      ; normal_light     ; work         ;
;    |normal_light:norm3|      ; 1 (1)               ; 1 (1)                     ; 0                 ; 0          ; 0    ; 0            ; |DE1_SoC|normal_light:norm3      ; normal_light     ; work         ;
;    |normal_light:norm4|      ; 1 (1)               ; 1 (1)                     ; 0                 ; 0          ; 0    ; 0            ; |DE1_SoC|normal_light:norm4      ; normal_light     ; work         ;
;    |normal_light:norm5|      ; 1 (1)               ; 1 (1)                     ; 0                 ; 0          ; 0    ; 0            ; |DE1_SoC|normal_light:norm5      ; normal_light     ; work         ;
;    |normal_light:norm6|      ; 1 (1)               ; 1 (1)                     ; 0                 ; 0          ; 0    ; 0            ; |DE1_SoC|normal_light:norm6      ; normal_light     ; work         ;
;    |right_edge_light:rightL| ; 2 (2)               ; 2 (2)                     ; 0                 ; 0          ; 0    ; 0            ; |DE1_SoC|right_edge_light:rightL ; right_edge_light ; work         ;
+------------------------------+---------------------+---------------------------+-------------------+------------+------+--------------+----------------------------------+------------------+--------------+
Note: For table entries with two numbers listed, the numbers in parentheses indicate the number of resources of the given type used by the specific entity alone. The numbers listed outside of parentheses indicate the total resources of the given type used by the specific entity and all of its sub-entities in the hierarchy.


Encoding Type:  User-Encoded
+--------------------------------------------+
; State Machine - |DE1_SoC|button:player1|PS ;
+---------+------+---------------------------+
; Name    ; PS~3 ; PS~2                      ;
+---------+------+---------------------------+
; PS.off  ; 0    ; 0                         ;
; PS.hold ; 1    ; 1                         ;
; PS.on   ; 1    ; 0                         ;
+---------+------+---------------------------+


Encoding Type:  User-Encoded
+--------------------------------------------+
; State Machine - |DE1_SoC|button:player2|PS ;
+---------+------+---------------------------+
; Name    ; PS~3 ; PS~2                      ;
+---------+------+---------------------------+
; PS.off  ; 0    ; 0                         ;
; PS.hold ; 1    ; 1                         ;
; PS.on   ; 1    ; 0                         ;
+---------+------+---------------------------+


+------------------------------------------------------+
; General Register Statistics                          ;
+----------------------------------------------+-------+
; Statistic                                    ; Value ;
+----------------------------------------------+-------+
; Total registers                              ; 15    ;
; Number of registers using Synchronous Clear  ; 10    ;
; Number of registers using Synchronous Load   ; 1     ;
; Number of registers using Asynchronous Clear ; 0     ;
; Number of registers using Asynchronous Load  ; 0     ;
; Number of registers using Clock Enable       ; 0     ;
; Number of registers using Preset             ; 0     ;
+----------------------------------------------+-------+


+-------------------------------------------------------------+
; Parameter Settings for User Entity Instance: button:player2 ;
+----------------+-------+------------------------------------+
; Parameter Name ; Value ; Type                               ;
+----------------+-------+------------------------------------+
; on             ; 00    ; Unsigned Binary                    ;
; hold           ; 01    ; Unsigned Binary                    ;
; off            ; 10    ; Unsigned Binary                    ;
+----------------+-------+------------------------------------+
Note: In order to hide this table in the UI and the text report file, please set the "Show Parameter Settings in Synthesis Report" option in "Analysis and Synthesis Settings -> More Settings" to "Off".


+-------------------------------------------------------------+
; Parameter Settings for User Entity Instance: button:player1 ;
+----------------+-------+------------------------------------+
; Parameter Name ; Value ; Type                               ;
+----------------+-------+------------------------------------+
; on             ; 00    ; Unsigned Binary                    ;
; hold           ; 01    ; Unsigned Binary                    ;
; off            ; 10    ; Unsigned Binary                    ;
+----------------+-------+------------------------------------+
Note: In order to hide this table in the UI and the text report file, please set the "Show Parameter Settings in Synthesis Report" option in "Analysis and Synthesis Settings -> More Settings" to "Off".


+----------------------------------------------------------------------+
; Parameter Settings for User Entity Instance: right_edge_light:rightL ;
+----------------+-------+---------------------------------------------+
; Parameter Name ; Value ; Type                                        ;
+----------------+-------+---------------------------------------------+
; off            ; 0     ; Unsigned Binary                             ;
; on             ; 1     ; Unsigned Binary                             ;
; win            ; 1     ; Unsigned Binary                             ;
; not_win        ; 0     ; Unsigned Binary                             ;
+----------------+-------+---------------------------------------------+
Note: In order to hide this table in the UI and the text report file, please set the "Show Parameter Settings in Synthesis Report" option in "Analysis and Synthesis Settings -> More Settings" to "Off".


+-----------------------------------------------------------------+
; Parameter Settings for User Entity Instance: normal_light:norm1 ;
+----------------+-------+----------------------------------------+
; Parameter Name ; Value ; Type                                   ;
+----------------+-------+----------------------------------------+
; off            ; 0     ; Unsigned Binary                        ;
; on             ; 1     ; Unsigned Binary                        ;
+----------------+-------+----------------------------------------+
Note: In order to hide this table in the UI and the text report file, please set the "Show Parameter Settings in Synthesis Report" option in "Analysis and Synthesis Settings -> More Settings" to "Off".


+-----------------------------------------------------------------+
; Parameter Settings for User Entity Instance: normal_light:norm2 ;
+----------------+-------+----------------------------------------+
; Parameter Name ; Value ; Type                                   ;
+----------------+-------+----------------------------------------+
; off            ; 0     ; Unsigned Binary                        ;
; on             ; 1     ; Unsigned Binary                        ;
+----------------+-------+----------------------------------------+
Note: In order to hide this table in the UI and the text report file, please set the "Show Parameter Settings in Synthesis Report" option in "Analysis and Synthesis Settings -> More Settings" to "Off".


+-----------------------------------------------------------------+
; Parameter Settings for User Entity Instance: normal_light:norm3 ;
+----------------+-------+----------------------------------------+
; Parameter Name ; Value ; Type                                   ;
+----------------+-------+----------------------------------------+
; off            ; 0     ; Unsigned Binary                        ;
; on             ; 1     ; Unsigned Binary                        ;
+----------------+-------+----------------------------------------+
Note: In order to hide this table in the UI and the text report file, please set the "Show Parameter Settings in Synthesis Report" option in "Analysis and Synthesis Settings -> More Settings" to "Off".


+-----------------------------------------------------------------+
; Parameter Settings for User Entity Instance: center_light:centL ;
+----------------+-------+----------------------------------------+
; Parameter Name ; Value ; Type                                   ;
+----------------+-------+----------------------------------------+
; off            ; 0     ; Unsigned Binary                        ;
; on             ; 1     ; Unsigned Binary                        ;
+----------------+-------+----------------------------------------+
Note: In order to hide this table in the UI and the text report file, please set the "Show Parameter Settings in Synthesis Report" option in "Analysis and Synthesis Settings -> More Settings" to "Off".


+-----------------------------------------------------------------+
; Parameter Settings for User Entity Instance: normal_light:norm4 ;
+----------------+-------+----------------------------------------+
; Parameter Name ; Value ; Type                                   ;
+----------------+-------+----------------------------------------+
; off            ; 0     ; Unsigned Binary                        ;
; on             ; 1     ; Unsigned Binary                        ;
+----------------+-------+----------------------------------------+
Note: In order to hide this table in the UI and the text report file, please set the "Show Parameter Settings in Synthesis Report" option in "Analysis and Synthesis Settings -> More Settings" to "Off".


+-----------------------------------------------------------------+
; Parameter Settings for User Entity Instance: normal_light:norm5 ;
+----------------+-------+----------------------------------------+
; Parameter Name ; Value ; Type                                   ;
+----------------+-------+----------------------------------------+
; off            ; 0     ; Unsigned Binary                        ;
; on             ; 1     ; Unsigned Binary                        ;
+----------------+-------+----------------------------------------+
Note: In order to hide this table in the UI and the text report file, please set the "Show Parameter Settings in Synthesis Report" option in "Analysis and Synthesis Settings -> More Settings" to "Off".


+-----------------------------------------------------------------+
; Parameter Settings for User Entity Instance: normal_light:norm6 ;
+----------------+-------+----------------------------------------+
; Parameter Name ; Value ; Type                                   ;
+----------------+-------+----------------------------------------+
; off            ; 0     ; Unsigned Binary                        ;
; on             ; 1     ; Unsigned Binary                        ;
+----------------+-------+----------------------------------------+
Note: In order to hide this table in the UI and the text report file, please set the "Show Parameter Settings in Synthesis Report" option in "Analysis and Synthesis Settings -> More Settings" to "Off".


+--------------------------------------------------------------------+
; Parameter Settings for User Entity Instance: left_edge_light:leftL ;
+----------------+-------+-------------------------------------------+
; Parameter Name ; Value ; Type                                      ;
+----------------+-------+-------------------------------------------+
; off            ; 0     ; Unsigned Binary                           ;
; on             ; 1     ; Unsigned Binary                           ;
; win            ; 1     ; Unsigned Binary                           ;
; not_win        ; 0     ; Unsigned Binary                           ;
+----------------+-------+-------------------------------------------+
Note: In order to hide this table in the UI and the text report file, please set the "Show Parameter Settings in Synthesis Report" option in "Analysis and Synthesis Settings -> More Settings" to "Off".


+-----------------------------------------------------+
; Post-Synthesis Netlist Statistics for Top Partition ;
+-----------------------+-----------------------------+
; Type                  ; Count                       ;
+-----------------------+-----------------------------+
; arriav_ff             ; 15                          ;
;     SCLR              ; 10                          ;
;     SLD               ; 1                           ;
;     plain             ; 4                           ;
; arriav_lcell_comb     ; 25                          ;
;     normal            ; 25                          ;
;         0 data inputs ; 2                           ;
;         1 data inputs ; 3                           ;
;         2 data inputs ; 7                           ;
;         4 data inputs ; 4                           ;
;         5 data inputs ; 7                           ;
;         6 data inputs ; 2                           ;
; boundary_port         ; 32                          ;
;                       ;                             ;
; Max LUT depth         ; 2.00                        ;
; Average LUT depth     ; 1.41                        ;
+-----------------------+-----------------------------+


+-------------------------------+
; Elapsed Time Per Partition    ;
+----------------+--------------+
; Partition Name ; Elapsed Time ;
+----------------+--------------+
; Top            ; 00:00:00     ;
+----------------+--------------+


+-------------------------------+
; Analysis & Synthesis Messages ;
+-------------------------------+
Info: *******************************************************************
Info: Running Quartus Prime Analysis & Synthesis
    Info: Version 17.0.0 Build 595 04/25/2017 SJ Lite Edition
    Info: Processing started: Thu Jul 27 00:48:23 2023
Info: Command: quartus_map --read_settings_files=on --write_settings_files=off DE1_SoC -c DE1_SoC
Info (20030): Parallel compilation is enabled and will use 12 of the 12 processors detected
Info (12021): Found 2 design units, including 2 entities, in source file mux2_1.sv
    Info (12023): Found entity 1: mux2_1 File: C:/EE271/Lab4/mux2_1.sv Line: 1
    Info (12023): Found entity 2: mux2_1_testbench File: C:/EE271/Lab4/mux2_1.sv Line: 7
Info (12021): Found 1 design units, including 1 entities, in source file de1_soc.sv
    Info (12023): Found entity 1: DE1_SoC File: C:/EE271/Lab4/DE1_SoC.sv Line: 1
Info (12021): Found 2 design units, including 2 entities, in source file center_light.sv
    Info (12023): Found entity 1: center_light File: C:/EE271/Lab4/center_light.sv Line: 1
    Info (12023): Found entity 2: center_light_testbench File: C:/EE271/Lab4/center_light.sv Line: 33
Info (12021): Found 2 design units, including 2 entities, in source file normal_light.sv
    Info (12023): Found entity 1: normal_light File: C:/EE271/Lab4/normal_light.sv Line: 1
    Info (12023): Found entity 2: normal_light_testbench File: C:/EE271/Lab4/normal_light.sv Line: 34
Info (12021): Found 2 design units, including 2 entities, in source file right_edge_light.sv
    Info (12023): Found entity 1: right_edge_light File: C:/EE271/Lab4/right_edge_light.sv Line: 1
    Info (12023): Found entity 2: right_edge_light_testbench File: C:/EE271/Lab4/right_edge_light.sv Line: 53
Info (12021): Found 2 design units, including 2 entities, in source file left_edge_light.sv
    Info (12023): Found entity 1: left_edge_light File: C:/EE271/Lab4/left_edge_light.sv Line: 1
    Info (12023): Found entity 2: left_edge_light_testbench File: C:/EE271/Lab4/left_edge_light.sv Line: 53
Info (12021): Found 2 design units, including 2 entities, in source file button.sv
    Info (12023): Found entity 1: button File: C:/EE271/Lab4/button.sv Line: 1
    Info (12023): Found entity 2: button_testbench File: C:/EE271/Lab4/button.sv Line: 39
Info (12127): Elaborating entity "DE1_SoC" for the top level hierarchy
Info (12128): Elaborating entity "button" for hierarchy "button:player2" File: C:/EE271/Lab4/DE1_SoC.sv Line: 10
Info (12128): Elaborating entity "right_edge_light" for hierarchy "right_edge_light:rightL" File: C:/EE271/Lab4/DE1_SoC.sv Line: 14
Info (12128): Elaborating entity "normal_light" for hierarchy "normal_light:norm1" File: C:/EE271/Lab4/DE1_SoC.sv Line: 16
Info (12128): Elaborating entity "center_light" for hierarchy "center_light:centL" File: C:/EE271/Lab4/DE1_SoC.sv Line: 20
Info (12128): Elaborating entity "left_edge_light" for hierarchy "left_edge_light:leftL" File: C:/EE271/Lab4/DE1_SoC.sv Line: 26
Info (286030): Timing-Driven Synthesis is running
Info (144001): Generated suppressed messages file C:/EE271/Lab4/output_files/DE1_SoC.map.smsg
Info (16010): Generating hard_block partition "hard_block:auto_generated_inst"
    Info (16011): Adding 0 node(s), including 0 DDIO, 0 PLL, 0 transceiver and 0 LCELL
Info (21057): Implemented 52 device resources after synthesis - the final resource count might be different
    Info (21058): Implemented 15 input pins
    Info (21059): Implemented 17 output pins
    Info (21061): Implemented 20 logic cells
Info: Quartus Prime Analysis & Synthesis was successful. 0 errors, 0 warnings
    Info: Peak virtual memory: 4883 megabytes
    Info: Processing ended: Thu Jul 27 00:48:29 2023
    Info: Elapsed time: 00:00:06
    Info: Total CPU time (on all processors): 00:00:13


+------------------------------------------+
; Analysis & Synthesis Suppressed Messages ;
+------------------------------------------+
The suppressed messages can be found in C:/EE271/Lab4/output_files/DE1_SoC.map.smsg.


